  stdafx.cpp
  Project.cpp
f:\program\vs_source\opengl\tophomework\project_2d\project\draw.h(32): warning C4244: “参数”: 从“int”转换到“GLfloat”，可能丢失数据
f:\program\vs_source\opengl\tophomework\project_2d\project\draw.h(33): warning C4244: “参数”: 从“int”转换到“GLfloat”，可能丢失数据
f:\program\vs_source\opengl\tophomework\project_2d\project\draw.h(34): warning C4244: “参数”: 从“int”转换到“GLfloat”，可能丢失数据
f:\program\vs_source\opengl\tophomework\project_2d\project\draw.h(35): warning C4244: “参数”: 从“int”转换到“GLfloat”，可能丢失数据
f:\program\vs_source\opengl\tophomework\project_2d\project\project.cpp(38): warning C4244: “初始化”: 从“GLfloat”转换到“int”，可能丢失数据
f:\program\vs_source\opengl\tophomework\project_2d\project\project.cpp(39): warning C4244: “初始化”: 从“GLfloat”转换到“int”，可能丢失数据
f:\program\vs_source\opengl\tophomework\project_2d\project\project.cpp(154): warning C4244: “+=”: 从“double”转换到“GLfloat”，可能丢失数据
f:\program\vs_source\opengl\tophomework\project_2d\project\project.cpp(160): warning C4244: “-=”: 从“double”转换到“GLfloat”，可能丢失数据
f:\program\vs_source\opengl\tophomework\project_2d\project\project.cpp(166): warning C4244: “-=”: 从“double”转换到“GLfloat”，可能丢失数据
f:\program\vs_source\opengl\tophomework\project_2d\project\project.cpp(172): warning C4244: “+=”: 从“double”转换到“GLfloat”，可能丢失数据
f:\program\vs_source\opengl\tophomework\project_2d\project\project.cpp(191): warning C4244: “参数”: 从“GLfloat”转换到“int”，可能丢失数据
f:\program\vs_source\opengl\tophomework\project_2d\project\project.cpp(195): warning C4244: “参数”: 从“GLfloat”转换到“int”，可能丢失数据
f:\program\vs_source\opengl\tophomework\project_2d\project\project.cpp(199): warning C4244: “参数”: 从“GLfloat”转换到“int”，可能丢失数据
f:\program\vs_source\opengl\tophomework\project_2d\project\project.cpp(203): warning C4244: “参数”: 从“GLfloat”转换到“int”，可能丢失数据
f:\program\vs_source\opengl\tophomework\project_2d\project\project.cpp(209): warning C4244: “参数”: 从“GLfloat”转换到“int”，可能丢失数据
f:\program\vs_source\opengl\tophomework\project_2d\project\project.cpp(214): warning C4244: “参数”: 从“GLfloat”转换到“int”，可能丢失数据
f:\program\vs_source\opengl\tophomework\project_2d\project\project.cpp(219): warning C4244: “参数”: 从“GLfloat”转换到“int”，可能丢失数据
f:\program\vs_source\opengl\tophomework\project_2d\project\project.cpp(224): warning C4244: “参数”: 从“GLfloat”转换到“int”，可能丢失数据
f:\program\vs_source\opengl\tophomework\project_2d\project\project.cpp(245): warning C4305: “+=”: 从“double”到“GLfloat”截断
f:\program\vs_source\opengl\tophomework\project_2d\project\project.cpp(248): warning C4305: “-=”: 从“double”到“GLfloat”截断
f:\program\vs_source\opengl\tophomework\project_2d\project\project.cpp(252): warning C4305: “+=”: 从“double”到“GLfloat”截断
f:\program\vs_source\opengl\tophomework\project_2d\project\project.cpp(255): warning C4305: “-=”: 从“double”到“GLfloat”截断
f:\program\vs_source\opengl\tophomework\project_2d\project\project.cpp(261): warning C4305: “+=”: 从“double”到“GLfloat”截断
f:\program\vs_source\opengl\tophomework\project_2d\project\project.cpp(264): warning C4305: “-=”: 从“double”到“GLfloat”截断
f:\program\vs_source\opengl\tophomework\project_2d\project\project.cpp(274): warning C4244: “+=”: 从“double”转换到“GLfloat”，可能丢失数据
f:\program\vs_source\opengl\tophomework\project_2d\project\project.cpp(277): warning C4244: “-=”: 从“double”转换到“GLfloat”，可能丢失数据
f:\program\vs_source\opengl\tophomework\project_2d\project\project.cpp(284): warning C4244: “+=”: 从“double”转换到“GLfloat”，可能丢失数据
f:\program\vs_source\opengl\tophomework\project_2d\project\project.cpp(287): warning C4244: “-=”: 从“double”转换到“GLfloat”，可能丢失数据
f:\program\vs_source\opengl\tophomework\project_2d\project\project.cpp(294): warning C4244: “+=”: 从“double”转换到“GLfloat”，可能丢失数据
f:\program\vs_source\opengl\tophomework\project_2d\project\project.cpp(297): warning C4244: “-=”: 从“double”转换到“GLfloat”，可能丢失数据
f:\program\vs_source\opengl\tophomework\project_2d\project\project.cpp(304): warning C4244: “+=”: 从“double”转换到“GLfloat”，可能丢失数据
f:\program\vs_source\opengl\tophomework\project_2d\project\project.cpp(307): warning C4244: “-=”: 从“double”转换到“GLfloat”，可能丢失数据
f:\program\vs_source\opengl\tophomework\project_2d\project\project.cpp(342): warning C4244: “参数”: 从“int”转换到“GLfloat”，可能丢失数据
f:\program\vs_source\opengl\tophomework\project_2d\project\project.cpp(343): warning C4244: “参数”: 从“int”转换到“GLfloat”，可能丢失数据
f:\program\vs_source\opengl\tophomework\project_2d\project\project.cpp(344): warning C4244: “参数”: 从“int”转换到“GLfloat”，可能丢失数据
f:\program\vs_source\opengl\tophomework\project_2d\project\project.cpp(345): warning C4244: “参数”: 从“int”转换到“GLfloat”，可能丢失数据
f:\program\vs_source\opengl\tophomework\project_2d\project\project.cpp(362): warning C4244: “参数”: 从“int”转换到“GLfloat”，可能丢失数据
f:\program\vs_source\opengl\tophomework\project_2d\project\project.cpp(363): warning C4244: “参数”: 从“int”转换到“GLfloat”，可能丢失数据
f:\program\vs_source\opengl\tophomework\project_2d\project\project.cpp(364): warning C4244: “参数”: 从“int”转换到“GLfloat”，可能丢失数据
f:\program\vs_source\opengl\tophomework\project_2d\project\project.cpp(365): warning C4244: “参数”: 从“int”转换到“GLfloat”，可能丢失数据
f:\program\vs_source\opengl\tophomework\project_2d\project\project.cpp(383): warning C4244: “参数”: 从“int”转换到“GLfloat”，可能丢失数据
f:\program\vs_source\opengl\tophomework\project_2d\project\project.cpp(384): warning C4244: “参数”: 从“int”转换到“GLfloat”，可能丢失数据
f:\program\vs_source\opengl\tophomework\project_2d\project\project.cpp(385): warning C4244: “参数”: 从“int”转换到“GLfloat”，可能丢失数据
f:\program\vs_source\opengl\tophomework\project_2d\project\project.cpp(386): warning C4244: “参数”: 从“int”转换到“GLfloat”，可能丢失数据
f:\program\vs_source\opengl\tophomework\project_2d\project\project.cpp(407): warning C4244: “参数”: 从“int”转换到“GLfloat”，可能丢失数据
f:\program\vs_source\opengl\tophomework\project_2d\project\project.cpp(408): warning C4244: “参数”: 从“int”转换到“GLfloat”，可能丢失数据
f:\program\vs_source\opengl\tophomework\project_2d\project\project.cpp(409): warning C4244: “参数”: 从“int”转换到“GLfloat”，可能丢失数据
f:\program\vs_source\opengl\tophomework\project_2d\project\project.cpp(410): warning C4244: “参数”: 从“int”转换到“GLfloat”，可能丢失数据
f:\program\vs_source\opengl\tophomework\project_2d\project\project.cpp(429): warning C4244: “参数”: 从“int”转换到“GLfloat”，可能丢失数据
f:\program\vs_source\opengl\tophomework\project_2d\project\project.cpp(430): warning C4244: “参数”: 从“double”转换到“GLfloat”，可能丢失数据
f:\program\vs_source\opengl\tophomework\project_2d\project\project.cpp(430): warning C4244: “参数”: 从“int”转换到“GLfloat”，可能丢失数据
f:\program\vs_source\opengl\tophomework\project_2d\project\project.cpp(431): warning C4244: “参数”: 从“double”转换到“GLfloat”，可能丢失数据
f:\program\vs_source\opengl\tophomework\project_2d\project\project.cpp(431): warning C4244: “参数”: 从“int”转换到“GLfloat”，可能丢失数据
f:\program\vs_source\opengl\tophomework\project_2d\project\project.cpp(432): warning C4244: “参数”: 从“int”转换到“GLfloat”，可能丢失数据
f:\program\vs_source\opengl\tophomework\project_2d\project\project.cpp(448): warning C4244: “参数”: 从“int”转换到“GLfloat”，可能丢失数据
f:\program\vs_source\opengl\tophomework\project_2d\project\project.cpp(449): warning C4244: “参数”: 从“int”转换到“GLfloat”，可能丢失数据
f:\program\vs_source\opengl\tophomework\project_2d\project\project.cpp(450): warning C4244: “参数”: 从“int”转换到“GLfloat”，可能丢失数据
f:\program\vs_source\opengl\tophomework\project_2d\project\project.cpp(451): warning C4244: “参数”: 从“int”转换到“GLfloat”，可能丢失数据
f:\program\vs_source\opengl\tophomework\project_2d\project\project.cpp(480): warning C4244: “参数”: 从“int”转换到“GLfloat”，可能丢失数据
f:\program\vs_source\opengl\tophomework\project_2d\project\project.cpp(493): warning C4244: “参数”: 从“int”转换到“GLfloat”，可能丢失数据
f:\program\vs_source\opengl\tophomework\project_2d\project\project.cpp(505): warning C4305: “参数”: 从“double”到“GLfloat”截断
f:\program\vs_source\opengl\tophomework\project_2d\project\project.cpp(513): warning C4244: “参数”: 从“int”转换到“GLfloat”，可能丢失数据
f:\program\vs_source\opengl\tophomework\project_2d\project\project.cpp(514): warning C4244: “参数”: 从“int”转换到“GLfloat”，可能丢失数据
f:\program\vs_source\opengl\tophomework\project_2d\project\project.cpp(515): warning C4244: “参数”: 从“int”转换到“GLfloat”，可能丢失数据
f:\program\vs_source\opengl\tophomework\project_2d\project\project.cpp(526): warning C4305: “参数”: 从“double”到“GLfloat”截断
f:\program\vs_source\opengl\tophomework\project_2d\project\project.cpp(537): warning C4244: “参数”: 从“int”转换到“GLfloat”，可能丢失数据
f:\program\vs_source\opengl\tophomework\project_2d\project\project.cpp(538): warning C4244: “参数”: 从“int”转换到“GLfloat”，可能丢失数据
f:\program\vs_source\opengl\tophomework\project_2d\project\project.cpp(539): warning C4244: “参数”: 从“int”转换到“GLfloat”，可能丢失数据
f:\program\vs_source\opengl\tophomework\project_2d\project\project.cpp(554): warning C4244: “参数”: 从“int”转换到“GLfloat”，可能丢失数据
f:\program\vs_source\opengl\tophomework\project_2d\project\project.cpp(555): warning C4244: “参数”: 从“int”转换到“GLfloat”，可能丢失数据
f:\program\vs_source\opengl\tophomework\project_2d\project\project.cpp(556): warning C4244: “参数”: 从“int”转换到“GLfloat”，可能丢失数据
f:\program\vs_source\opengl\tophomework\project_2d\project\project.cpp(564): warning C4244: “=”: 从“clock_t”转换到“GLfloat”，可能丢失数据
f:\program\vs_source\opengl\tophomework\project_2d\project\project.cpp(571): warning C4244: “参数”: 从“int”转换到“GLfloat”，可能丢失数据
f:\program\vs_source\opengl\tophomework\project_2d\project\project.cpp(572): warning C4244: “参数”: 从“int”转换到“GLfloat”，可能丢失数据
f:\program\vs_source\opengl\tophomework\project_2d\project\project.cpp(573): warning C4244: “参数”: 从“int”转换到“GLfloat”，可能丢失数据
  Project.vcxproj -> F:\Program\VS_source\opengl\Tophomework\Project_2D\Debug\Project.exe
